#
# There is insufficient memory for the Java Runtime Environment to continue.
# Native memory allocation (malloc) failed to allocate 703936 bytes for Chunk::new
# Possible reasons:
#   The system is out of physical RAM or swap space
#   The process is running with CompressedOops enabled, and the Java Heap may be blocking the growth of the native heap
# Possible solutions:
#   Reduce memory load on the system
#   Increase physical memory or swap space
#   Check if swap backing store is full
#   Decrease Java heap size (-Xmx/-Xms)
#   Decrease number of Java threads
#   Decrease Java thread stack sizes (-Xss)
#   Set larger code cache with -XX:ReservedCodeCacheSize=
#   JVM is running with Unscaled Compressed Oops mode in which the Java heap is
#     placed in the first 4GB address space. The Java Heap base address is the
#     maximum limit for the native heap growth. Please use -XX:HeapBaseMinAddress
#     to set the Java Heap base and to place the Java Heap above 4GB virtual address.
# This output file may be truncated or incomplete.
#
#  Out of Memory Error (allocation.cpp:389), pid=20184, tid=0x0000000000000538
#
# JRE version: OpenJDK Runtime Environment (8.0_242-b01) (build 1.8.0_242-release-1644-b01)
# Java VM: OpenJDK 64-Bit Server VM (25.242-b01 mixed mode windows-amd64 compressed oops)
# Failed to write core dump. Minidumps are not enabled by default on client versions of Windows
#

---------------  T H R E A D  ---------------

Current thread (0x0000000017f7e800):  JavaThread "C2 CompilerThread1" daemon [_thread_in_native, id=1336, stack(0x000000001a740000,0x000000001a840000)]

Stack: [0x000000001a740000,0x000000001a840000]
[error occurred during error reporting (printing stack bounds), id 0xc0000005]

Native frames: (J=compiled Java code, j=interpreted, Vv=VM code, C=native code)


Current CompileTask:
C2:  19437 11391       4       org.antlr.v4.runtime.atn.ParserATNSimulator::closureCheckingStopState (244 bytes)


---------------  P R O C E S S  ---------------

Java Threads: ( => current thread )
  0x0000000020cc3800 JavaThread "WorkerExecutor Queue Thread 3" [_thread_blocked, id=13336, stack(0x000000002feb0000,0x000000002ffb0000)]
  0x0000000020cc8800 JavaThread "RMI TCP Connection(1)-127.0.0.1" daemon [_thread_in_native, id=27168, stack(0x000000002fbb0000,0x000000002fcb0000)]
  0x0000000020cc6800 JavaThread "RMI Reaper" [_thread_blocked, id=12804, stack(0x000000002fab0000,0x000000002fbb0000)]
  0x0000000020cc2800 JavaThread "RMI TCP Accept-0" daemon [_thread_in_native, id=25596, stack(0x000000002f9b0000,0x000000002fab0000)]
  0x0000000020cc1000 JavaThread "GC Daemon" daemon [_thread_blocked, id=12480, stack(0x000000002f8b0000,0x000000002f9b0000)]
  0x0000000020cc8000 JavaThread "RMI RenewClean-[127.0.0.1:17319,org.jetbrains.kotlin.daemon.common.LoopbackNetworkInterface$ClientLoopbackSocketFactory@1a543b5b]" daemon [_thread_blocked, id=3000, stack(0x000000002f7b0000,0x000000002f8b0000)]
  0x0000000020cc5800 JavaThread "RMI Scheduler(0)" daemon [_thread_blocked, id=12416, stack(0x000000002f6b0000,0x000000002f7b0000)]
  0x0000000020cc7000 JavaThread "WorkerExecutor Queue Thread 2" [_thread_in_vm, id=17952, stack(0x000000002f1b0000,0x000000002f2b0000)]
  0x0000000020abc000 JavaThread "stdout" [_thread_in_native, id=27224, stack(0x000000002eeb0000,0x000000002efb0000)]
  0x0000000020ac0800 JavaThread "stderr" [_thread_in_native, id=19296, stack(0x000000002edb0000,0x000000002eeb0000)]
  0x0000000020abf800 JavaThread "pool-2-thread-1" [_thread_blocked, id=20612, stack(0x000000002ecb0000,0x000000002edb0000)]
  0x0000000020abb000 JavaThread "WorkerExecutor Queue" [_thread_blocked, id=9276, stack(0x000000002ebb0000,0x000000002ecb0000)]
  0x0000000020abe000 JavaThread "Cache worker for execution history cache (C:\Users\OrY\AndroidStudioProjects\storagelab\.gradle\6.5\executionHistory)" [_thread_blocked, id=4832, stack(0x000000002e6b0000,0x000000002e7b0000)]
  0x0000000020ac1000 JavaThread "Execution worker for ':' Thread 7" [_thread_blocked, id=10124, stack(0x000000002e5b0000,0x000000002e6b0000)]
  0x000000001f70f800 JavaThread "Execution worker for ':' Thread 6" [_thread_blocked, id=11788, stack(0x000000002e4b0000,0x000000002e5b0000)]
  0x000000001f70e800 JavaThread "Execution worker for ':' Thread 5" [_thread_blocked, id=27316, stack(0x000000002e3b0000,0x000000002e4b0000)]
  0x000000001f70d000 JavaThread "Execution worker for ':' Thread 4" [_thread_blocked, id=7468, stack(0x000000002e2b0000,0x000000002e3b0000)]
  0x000000001f70b000 JavaThread "Execution worker for ':' Thread 3" [_thread_blocked, id=25112, stack(0x000000002e1b0000,0x000000002e2b0000)]
  0x000000001f70c800 JavaThread "Execution worker for ':' Thread 2" [_thread_blocked, id=27100, stack(0x000000002e0b0000,0x000000002e1b0000)]
  0x000000001f710000 JavaThread "Execution worker for ':'" [_thread_blocked, id=23084, stack(0x000000002dd50000,0x000000002de50000)]
  0x000000001f70e000 JavaThread "Cache worker for file content cache (C:\Users\OrY\AndroidStudioProjects\storagelab\.gradle\6.5\fileContent)" [_thread_blocked, id=13900, stack(0x000000002d5c0000,0x000000002d6c0000)]
  0x000000001f703800 JavaThread "Memory manager" [_thread_blocked, id=3764, stack(0x0000000025250000,0x0000000025350000)]
  0x000000001f70a000 JavaThread "Cache worker for Build Output Cleanup Cache (C:\Users\OrY\AndroidStudioProjects\storagelab\.gradle\buildOutputCleanup)" [_thread_blocked, id=15724, stack(0x000000002c4c0000,0x000000002c5c0000)]
  0x000000001f702800 JavaThread "jar transforms Thread 114" [_thread_blocked, id=4140, stack(0x000000002c3c0000,0x000000002c4c0000)]
  0x000000001f709800 JavaThread "jar transforms Thread 113" [_thread_blocked, id=17436, stack(0x000000002c2c0000,0x000000002c3c0000)]
  0x000000001f702000 JavaThread "jar transforms Thread 112" [_thread_blocked, id=7928, stack(0x000000002c1c0000,0x000000002c2c0000)]
  0x000000001f708800 JavaThread "jar transforms Thread 111" [_thread_blocked, id=25192, stack(0x000000002c0c0000,0x000000002c1c0000)]
  0x000000001f708000 JavaThread "jar transforms Thread 110" [_thread_blocked, id=27196, stack(0x000000002bfc0000,0x000000002c0c0000)]
  0x000000001f707000 JavaThread "jar transforms Thread 109" [_thread_blocked, id=22744, stack(0x000000002bec0000,0x000000002bfc0000)]
  0x000000001f706800 JavaThread "jar transforms Thread 108" [_thread_blocked, id=21616, stack(0x000000002bdc0000,0x000000002bec0000)]
  0x000000001f705800 JavaThread "jar transforms Thread 107" [_thread_blocked, id=6408, stack(0x000000002bcc0000,0x000000002bdc0000)]
  0x000000001f705000 JavaThread "jar transforms Thread 106" [_thread_blocked, id=20952, stack(0x000000002bbc0000,0x000000002bcc0000)]
  0x000000001f701000 JavaThread "jar transforms Thread 105" [_thread_blocked, id=22332, stack(0x000000002bac0000,0x000000002bbc0000)]
  0x000000001f704000 JavaThread "jar transforms Thread 104" [_thread_blocked, id=17092, stack(0x000000002b8c0000,0x000000002b9c0000)]
  0x0000000022399800 JavaThread "jar transforms Thread 103" [_thread_blocked, id=20524, stack(0x000000002b7c0000,0x000000002b8c0000)]
  0x0000000022398800 JavaThread "jar transforms Thread 102" [_thread_blocked, id=4368, stack(0x000000002b6c0000,0x000000002b7c0000)]
  0x0000000022398000 JavaThread "jar transforms Thread 101" [_thread_blocked, id=27000, stack(0x000000002b5c0000,0x000000002b6c0000)]
  0x0000000022397000 JavaThread "jar transforms Thread 100" [_thread_blocked, id=6036, stack(0x000000002b4c0000,0x000000002b5c0000)]
  0x0000000022396800 JavaThread "jar transforms Thread 99" [_thread_blocked, id=25520, stack(0x000000002b3c0000,0x000000002b4c0000)]
  0x0000000022395800 JavaThread "jar transforms Thread 98" [_thread_blocked, id=18952, stack(0x000000002b2c0000,0x000000002b3c0000)]
  0x000000002238e000 JavaThread "jar transforms Thread 97" [_thread_blocked, id=6828, stack(0x000000002b1c0000,0x000000002b2c0000)]
  0x0000000022395000 JavaThread "jar transforms Thread 96" [_thread_blocked, id=16400, stack(0x000000002b0c0000,0x000000002b1c0000)]
  0x000000002238d800 JavaThread "jar transforms Thread 95" [_thread_blocked, id=19868, stack(0x000000002afc0000,0x000000002b0c0000)]
  0x0000000022394000 JavaThread "jar transforms Thread 94" [_thread_blocked, id=8464, stack(0x000000002aec0000,0x000000002afc0000)]
  0x0000000022393800 JavaThread "jar transforms Thread 93" [_thread_blocked, id=20580, stack(0x000000002adc0000,0x000000002aec0000)]
  0x0000000022392000 JavaThread "jar transforms Thread 92" [_thread_blocked, id=18648, stack(0x000000002acc0000,0x000000002adc0000)]
  0x000000002238c800 JavaThread "jar transforms Thread 91" [_thread_blocked, id=7296, stack(0x000000002abc0000,0x000000002acc0000)]
  0x0000000022390800 JavaThread "jar transforms Thread 90" [_thread_blocked, id=1776, stack(0x000000002aac0000,0x000000002abc0000)]
  0x000000002238c000 JavaThread "jar transforms Thread 89" [_thread_blocked, id=21236, stack(0x000000002a9c0000,0x000000002aac0000)]
  0x0000000022392800 JavaThread "jar transforms Thread 88" [_thread_blocked, id=24108, stack(0x000000002a8c0000,0x000000002a9c0000)]
  0x000000002238b000 JavaThread "jar transforms Thread 87" [_thread_blocked, id=25428, stack(0x000000002a7c0000,0x000000002a8c0000)]
  0x000000002238f000 JavaThread "jar transforms Thread 86" [_thread_blocked, id=22716, stack(0x000000002a6c0000,0x000000002a7c0000)]
  0x000000002238f800 JavaThread "jar transforms Thread 85" [_thread_blocked, id=12636, stack(0x000000002a5c0000,0x000000002a6c0000)]
  0x000000002238a800 JavaThread "jar transforms Thread 84" [_thread_blocked, id=18336, stack(0x000000002a4c0000,0x000000002a5c0000)]
  0x0000000022391000 JavaThread "jar transforms Thread 83" [_thread_blocked, id=12252, stack(0x000000002a3c0000,0x000000002a4c0000)]
  0x0000000021ed0000 JavaThread "jar transforms Thread 82" [_thread_blocked, id=23100, stack(0x000000002a2c0000,0x000000002a3c0000)]
  0x0000000021ecc000 JavaThread "jar transforms Thread 81" [_thread_blocked, id=11912, stack(0x000000002a1c0000,0x000000002a2c0000)]
  0x0000000021ecb800 JavaThread "jar transforms Thread 80" [_thread_blocked, id=12068, stack(0x000000002a0c0000,0x000000002a1c0000)]
  0x0000000021ed1000 JavaThread "jar transforms Thread 79" [_thread_blocked, id=20340, stack(0x0000000029fc0000,0x000000002a0c0000)]
  0x0000000021ed1800 JavaThread "jar transforms Thread 78" [_thread_blocked, id=10196, stack(0x0000000029ec0000,0x0000000029fc0000)]
  0x0000000021ecd800 JavaThread "jar transforms Thread 77" [_thread_blocked, id=10692, stack(0x0000000029dc0000,0x0000000029ec0000)]
  0x0000000021ecf800 JavaThread "jar transforms Thread 76" [_thread_blocked, id=12728, stack(0x0000000029cc0000,0x0000000029dc0000)]
  0x0000000021ecd000 JavaThread "jar transforms Thread 75" [_thread_blocked, id=18288, stack(0x0000000029bc0000,0x0000000029cc0000)]
  0x0000000021ec7800 JavaThread "jar transforms Thread 74" [_thread_blocked, id=25208, stack(0x0000000029ac0000,0x0000000029bc0000)]
  0x0000000021eca800 JavaThread "jar transforms Thread 73" [_thread_blocked, id=3944, stack(0x00000000299c0000,0x0000000029ac0000)]
  0x0000000021ece800 JavaThread "jar transforms Thread 72" [_thread_blocked, id=3676, stack(0x00000000298c0000,0x00000000299c0000)]
  0x0000000021ec8800 JavaThread "jar transforms Thread 71" [_thread_blocked, id=17172, stack(0x00000000297c0000,0x00000000298c0000)]
  0x0000000021ec3000 JavaThread "jar transforms Thread 70" [_thread_blocked, id=22916, stack(0x00000000296c0000,0x00000000297c0000)]
  0x0000000021ec7000 JavaThread "jar transforms Thread 69" [_thread_blocked, id=6512, stack(0x00000000295c0000,0x00000000296c0000)]
  0x0000000021ec6000 JavaThread "jar transforms Thread 68" [_thread_blocked, id=6900, stack(0x00000000294c0000,0x00000000295c0000)]
  0x0000000021eca000 JavaThread "jar transforms Thread 67" [_thread_blocked, id=6160, stack(0x00000000293c0000,0x00000000294c0000)]
  0x0000000021ec2800 JavaThread "jar transforms Thread 66" [_thread_blocked, id=5280, stack(0x00000000292c0000,0x00000000293c0000)]
  0x0000000021ec5800 JavaThread "jar transforms Thread 65" [_thread_blocked, id=21076, stack(0x00000000291c0000,0x00000000292c0000)]
  0x0000000021ec9000 JavaThread "jar transforms Thread 64" [_thread_blocked, id=22384, stack(0x00000000290c0000,0x00000000291c0000)]
  0x0000000021ec4000 JavaThread "jar transforms Thread 63" [_thread_blocked, id=9324, stack(0x0000000028fc0000,0x00000000290c0000)]
  0x0000000021ec4800 JavaThread "jar transforms Thread 62" [_thread_blocked, id=11268, stack(0x0000000028ec0000,0x0000000028fc0000)]
  0x00000000220ea800 JavaThread "jar transforms Thread 61" [_thread_blocked, id=23296, stack(0x0000000028dc0000,0x0000000028ec0000)]
  0x00000000220e6000 JavaThread "jar transforms Thread 60" [_thread_blocked, id=27092, stack(0x0000000028cc0000,0x0000000028dc0000)]
  0x00000000220e8000 JavaThread "jar transforms Thread 59" [_thread_blocked, id=22632, stack(0x0000000028bc0000,0x0000000028cc0000)]
  0x00000000220eb000 JavaThread "jar transforms Thread 58" [_thread_blocked, id=4464, stack(0x0000000028ac0000,0x0000000028bc0000)]
  0x00000000220e9800 JavaThread "jar transforms Thread 57" [_thread_blocked, id=17968, stack(0x00000000289c0000,0x0000000028ac0000)]
  0x00000000220e7800 JavaThread "jar transforms Thread 56" [_thread_blocked, id=22544, stack(0x00000000288c0000,0x00000000289c0000)]
  0x00000000220e5000 JavaThread "jar transforms Thread 55" [_thread_blocked, id=26144, stack(0x00000000287c0000,0x00000000288c0000)]
  0x00000000220e3800 JavaThread "jar transforms Thread 54" [_thread_blocked, id=4460, stack(0x00000000286c0000,0x00000000287c0000)]
  0x00000000220e6800 JavaThread "jar transforms Thread 53" [_thread_blocked, id=24224, stack(0x00000000285c0000,0x00000000286c0000)]
  0x00000000220e9000 JavaThread "jar transforms Thread 52" [_thread_blocked, id=12752, stack(0x00000000284c0000,0x00000000285c0000)]
  0x00000000220e4800 JavaThread "jar transforms Thread 51" [_thread_blocked, id=11252, stack(0x00000000283c0000,0x00000000284c0000)]
  0x00000000220dd000 JavaThread "jar transforms Thread 50" [_thread_blocked, id=18300, stack(0x00000000282c0000,0x00000000283c0000)]
  0x00000000220de800 JavaThread "jar transforms Thread 49" [_thread_blocked, id=18284, stack(0x00000000281c0000,0x00000000282c0000)]
  0x00000000220dc000 JavaThread "jar transforms Thread 48" [_thread_blocked, id=7280, stack(0x00000000280c0000,0x00000000281c0000)]
  0x00000000220e3000 JavaThread "jar transforms Thread 47" [_thread_blocked, id=18876, stack(0x0000000027fc0000,0x00000000280c0000)]
  0x00000000220e0800 JavaThread "jar transforms Thread 46" [_thread_blocked, id=15820, stack(0x0000000027ec0000,0x0000000027fc0000)]
  0x00000000220dd800 JavaThread "jar transforms Thread 45" [_thread_blocked, id=22292, stack(0x0000000027dc0000,0x0000000027ec0000)]
  0x00000000220e0000 JavaThread "jar transforms Thread 44" [_thread_blocked, id=7472, stack(0x0000000027cc0000,0x0000000027dc0000)]
  0x00000000220e2000 JavaThread "jar transforms Thread 43" [_thread_blocked, id=26036, stack(0x0000000027bc0000,0x0000000027cc0000)]
  0x00000000220e1800 JavaThread "jar transforms Thread 42" [_thread_blocked, id=15756, stack(0x0000000027ac0000,0x0000000027bc0000)]
  0x00000000220df000 JavaThread "jar transforms Thread 41" [_thread_blocked, id=27548, stack(0x00000000279c0000,0x0000000027ac0000)]
  0x000000001d04b000 JavaThread "jar transforms Thread 40" [_thread_blocked, id=17060, stack(0x00000000278c0000,0x00000000279c0000)]
  0x000000001d049800 JavaThread "jar transforms Thread 39" [_thread_blocked, id=27580, stack(0x00000000277c0000,0x00000000278c0000)]
  0x000000001d048800 JavaThread "jar transforms Thread 38" [_thread_blocked, id=3208, stack(0x00000000276c0000,0x00000000277c0000)]
  0x000000001d04a000 JavaThread "jar transforms Thread 37" [_thread_blocked, id=15796, stack(0x00000000275c0000,0x00000000276c0000)]
  0x000000001d048000 JavaThread "jar transforms Thread 36" [_thread_blocked, id=25108, stack(0x00000000274c0000,0x00000000275c0000)]
  0x000000001d04b800 JavaThread "jar transforms Thread 35" [_thread_blocked, id=25960, stack(0x00000000273c0000,0x00000000274c0000)]
  0x000000001d040800 JavaThread "jar transforms Thread 34" [_thread_blocked, id=17080, stack(0x00000000272c0000,0x00000000273c0000)]
  0x000000001d047000 JavaThread "jar transforms Thread 33" [_thread_blocked, id=13256, stack(0x00000000271c0000,0x00000000272c0000)]
  0x000000001d046800 JavaThread "jar transforms Thread 32" [_thread_blocked, id=12528, stack(0x00000000270c0000,0x00000000271c0000)]
  0x000000001d03f000 JavaThread "jar transforms Thread 31" [_thread_blocked, id=9612, stack(0x0000000026fc0000,0x00000000270c0000)]
  0x000000001d045800 JavaThread "jar transforms Thread 30" [_thread_blocked, id=13828, stack(0x0000000026ec0000,0x0000000026fc0000)]
  0x000000001d045000 JavaThread "jar transforms Thread 29" [_thread_blocked, id=24476, stack(0x0000000026dc0000,0x0000000026ec0000)]
  0x000000001d044000 JavaThread "jar transforms Thread 28" [_thread_blocked, id=9924, stack(0x0000000026cc0000,0x0000000026dc0000)]
  0x000000001d03c800 JavaThread "jar transforms Thread 27" [_thread_blocked, id=4076, stack(0x0000000026bc0000,0x0000000026cc0000)]
  0x000000001d03e000 JavaThread "jar transforms Thread 26" [_thread_blocked, id=24544, stack(0x0000000026ac0000,0x0000000026bc0000)]
  0x000000001d03d800 JavaThread "jar transforms Thread 25" [_thread_blocked, id=24532, stack(0x00000000269c0000,0x0000000026ac0000)]
  0x000000001d043800 JavaThread "jar transforms Thread 24" [_thread_blocked, id=23624, stack(0x00000000268c0000,0x00000000269c0000)]
  0x000000001d042800 JavaThread "jar transforms Thread 23" [_thread_blocked, id=1316, stack(0x00000000267c0000,0x00000000268c0000)]
  0x000000001d042000 JavaThread "jar transforms Thread 22" [_thread_blocked, id=21652, stack(0x00000000266c0000,0x00000000267c0000)]
  0x000000001d041000 JavaThread "jar transforms Thread 21" [_thread_blocked, id=19192, stack(0x00000000265c0000,0x00000000266c0000)]
  0x000000001d03f800 JavaThread "jar transforms Thread 20" [_thread_blocked, id=23992, stack(0x00000000264c0000,0x00000000265c0000)]
  0x00000000236eb000 JavaThread "jar transforms Thread 19" [_thread_blocked, id=22920, stack(0x00000000263c0000,0x00000000264c0000)]
  0x00000000236ea800 JavaThread "jar transforms Thread 18" [_thread_blocked, id=25252, stack(0x00000000262c0000,0x00000000263c0000)]
  0x00000000236e6800 JavaThread "jar transforms Thread 17" [_thread_blocked, id=11308, stack(0x00000000261c0000,0x00000000262c0000)]
  0x00000000236e9000 JavaThread "jar transforms Thread 16" [_thread_blocked, id=12136, stack(0x00000000260c0000,0x00000000261c0000)]
  0x00000000236e9800 JavaThread "jar transforms Thread 15" [_thread_blocked, id=15036, stack(0x0000000025fc0000,0x00000000260c0000)]
  0x00000000236e7800 JavaThread "jar transforms Thread 14" [_thread_blocked, id=24464, stack(0x0000000025ec0000,0x0000000025fc0000)]
  0x00000000236e8000 JavaThread "jar transforms Thread 13" [_thread_blocked, id=18788, stack(0x0000000025dc0000,0x0000000025ec0000)]
  0x00000000236df000 JavaThread "jar transforms Thread 12" [_thread_blocked, id=9508, stack(0x0000000025cc0000,0x0000000025dc0000)]
  0x00000000236e1800 JavaThread "jar transforms Thread 11" [_thread_blocked, id=17236, stack(0x0000000025bc0000,0x0000000025cc0000)]
  0x00000000236e0800 JavaThread "jar transforms Thread 10" [_thread_blocked, id=12088, stack(0x0000000025ac0000,0x0000000025bc0000)]
  0x00000000236e6000 JavaThread "jar transforms Thread 9" [_thread_blocked, id=17312, stack(0x00000000259c0000,0x0000000025ac0000)]
  0x00000000236de800 JavaThread "jar transforms Thread 8" [_thread_blocked, id=25488, stack(0x00000000258c0000,0x00000000259c0000)]
  0x00000000236e0000 JavaThread "jar transforms Thread 7" [_thread_blocked, id=24324, stack(0x00000000257c0000,0x00000000258c0000)]
  0x00000000236e5000 JavaThread "jar transforms Thread 6" [_thread_blocked, id=20160, stack(0x00000000256c0000,0x00000000257c0000)]
  0x00000000236e4800 JavaThread "jar transforms Thread 5" [_thread_blocked, id=13672, stack(0x00000000255c0000,0x00000000256c0000)]
  0x00000000236e3000 JavaThread "jar transforms Thread 4" [_thread_blocked, id=17040, stack(0x00000000254c0000,0x00000000255c0000)]
  0x00000000236e3800 JavaThread "jar transforms Thread 3" [_thread_blocked, id=13280, stack(0x00000000253c0000,0x00000000254c0000)]
  0x00000000236dc000 JavaThread "jar transforms Thread 2" [_thread_blocked, id=27436, stack(0x0000000024930000,0x0000000024a30000)]
  0x00000000236e2000 JavaThread "Build operations Thread 8" [_thread_blocked, id=17660, stack(0x0000000025150000,0x0000000025250000)]
  0x00000000236dd800 JavaThread "Build operations Thread 7" [_thread_blocked, id=1576, stack(0x0000000025050000,0x0000000025150000)]
  0x00000000236dd000 JavaThread "Build operations Thread 6" [_thread_blocked, id=24808, stack(0x0000000024f50000,0x0000000025050000)]
  0x000000001cc46800 JavaThread "Build operations Thread 5" [_thread_blocked, id=21972, stack(0x0000000024e50000,0x0000000024f50000)]
  0x000000001cc4c800 JavaThread "Build operations Thread 4" [_thread_blocked, id=20988, stack(0x0000000024d50000,0x0000000024e50000)]
  0x000000001cc4c000 JavaThread "Build operations Thread 3" [_thread_blocked, id=26176, stack(0x0000000024c50000,0x0000000024d50000)]
  0x000000001cc44800 JavaThread "Build operations Thread 2" [_thread_blocked, id=26048, stack(0x0000000024b50000,0x0000000024c50000)]
  0x000000001cc45000 JavaThread "Build operations" [_thread_blocked, id=26600, stack(0x0000000024a50000,0x0000000024b50000)]
  0x000000001cc47800 JavaThread "Cache worker for file content cache (C:\Users\OrY\.gradle\caches\6.5\fileContent)" [_thread_blocked, id=20508, stack(0x0000000023050000,0x0000000023150000)]
  0x000000001cc48000 JavaThread "jar transforms" [_thread_blocked, id=14040, stack(0x0000000022f50000,0x0000000023050000)]
  0x000000001cc3d800 JavaThread "Cache worker for execution history cache (C:\Users\OrY\.gradle\caches\6.5\executionHistory)" [_thread_blocked, id=24336, stack(0x0000000022850000,0x0000000022950000)]
  0x000000001cc3f000 JavaThread "Cache worker for cache directory md-rule (C:\Users\OrY\.gradle\caches\6.5\md-rule)" [_thread_blocked, id=14180, stack(0x0000000022750000,0x0000000022850000)]
  0x000000001cc3e800 JavaThread "Cache worker for cache directory md-supplier (C:\Users\OrY\.gradle\caches\6.5\md-supplier)" [_thread_blocked, id=12428, stack(0x0000000021300000,0x0000000021400000)]
  0x000000001cc40000 JavaThread "Cache worker for checksums cache (C:\Users\OrY\AndroidStudioProjects\storagelab\.gradle\checksums)" [_thread_blocked, id=3948, stack(0x0000000021200000,0x0000000021300000)]
  0x000000001cc42000 JavaThread "Cache worker for file hash cache (C:\Users\OrY\AndroidStudioProjects\storagelab\.gradle\6.5\fileHashes)" [_thread_blocked, id=7312, stack(0x0000000022650000,0x0000000022750000)]
  0x000000001cc41800 JavaThread "Cache worker for file hash cache (C:\Users\OrY\.gradle\caches\6.5\fileHashes)" [_thread_blocked, id=968, stack(0x000000001ed60000,0x000000001ee60000)]
  0x000000001cc43000 JavaThread "File lock request listener" [_thread_in_native, id=23728, stack(0x000000001ec60000,0x000000001ed60000)]
  0x000000001cc40800 JavaThread "Cache worker for journal cache (C:\Users\OrY\.gradle\caches\journal-1)" [_thread_blocked, id=20060, stack(0x000000001eb60000,0x000000001ec60000)]
  0x000000001b16b000 JavaThread "Thread-9" [_thread_blocked, id=27116, stack(0x000000001e860000,0x000000001e960000)]
  0x000000001b16a000 JavaThread "Stdin handler" [_thread_blocked, id=13244, stack(0x000000001e760000,0x000000001e860000)]
  0x000000001b16d000 JavaThread "Asynchronous log dispatcher for DefaultDaemonConnection: socket connection from /127.0.0.1:52700 to /127.0.0.1:52701" [_thread_blocked, id=5092, stack(0x000000001e660000,0x000000001e760000)]
  0x000000001b16e800 JavaThread "Daemon worker" [_thread_blocked, id=11756, stack(0x000000001e560000,0x000000001e660000)]
  0x000000001b16e000 JavaThread "Cancel handler" [_thread_blocked, id=5716, stack(0x000000001e360000,0x000000001e460000)]
  0x000000001b16c800 JavaThread "Handler for socket connection from /127.0.0.1:52700 to /127.0.0.1:52701" [_thread_in_native, id=26812, stack(0x000000001e260000,0x000000001e360000)]
  0x000000001b169800 JavaThread "Daemon" [_thread_blocked, id=10656, stack(0x000000001e160000,0x000000001e260000)]
  0x000000001b168000 JavaThread "Daemon periodic checks" [_thread_blocked, id=4800, stack(0x000000001de60000,0x000000001df60000)]
  0x000000001b16b800 JavaThread "Incoming local TCP Connector on port 52700" [_thread_in_native, id=19580, stack(0x000000001dc20000,0x000000001dd20000)]
  0x000000001b168800 JavaThread "Daemon health stats" [_thread_blocked, id=11432, stack(0x000000001d5e0000,0x000000001d6e0000)]
  0x0000000019e0a800 JavaThread "Service Thread" daemon [_thread_blocked, id=7920, stack(0x000000001aa40000,0x000000001ab40000)]
  0x0000000019dd9800 JavaThread "C1 CompilerThread3" daemon [_thread_in_vm, id=5188, stack(0x000000001a940000,0x000000001aa40000)]
  0x0000000019dd0800 JavaThread "C2 CompilerThread2" daemon [_thread_blocked, id=24520, stack(0x000000001a840000,0x000000001a940000)]
=>0x0000000017f7e800 JavaThread "C2 CompilerThread1" daemon [_thread_in_native, id=1336, stack(0x000000001a740000,0x000000001a840000)]
  0x0000000019d76000 JavaThread "C2 CompilerThread0" daemon [_thread_in_native, id=1612, stack(0x000000001a640000,0x000000001a740000)]
  0x0000000019d74800 JavaThread "Attach Listener" daemon [_thread_blocked, id=22984, stack(0x000000001a540000,0x000000001a640000)]
  0x0000000019d73800 JavaThread "Signal Dispatcher" daemon [_thread_blocked, id=22104, stack(0x000000001a440000,0x000000001a540000)]
  0x0000000002efc800 JavaThread "Finalizer" daemon [_thread_blocked, id=2368, stack(0x000000001a240000,0x000000001a340000)]
  0x0000000019d60800 JavaThread "Reference Handler" daemon [_thread_blocked, id=11088, stack(0x000000001a140000,0x000000001a240000)]
  0x0000000002cfe000 JavaThread "main" [_thread_blocked, id=1356, stack(0x0000000002d00000,0x0000000002e00000)]

Other Threads:
  0x0000000017f68800 VMThread [stack: 0x0000000019c40000,0x0000000019d40000] [id=10212]
  0x0000000019e0b800 WatcherThread [stack: 0x000000001ab40000,0x000000001ac40000] [id=6028]

VM state:not at safepoint (normal execution)

VM Mutex/Monitor currently owned by a thread: None

heap address: 0x0000000080000000, size: 2048 MB, Compressed Oops mode: 32-bit
Narrow klass base: 0x0000000000000000, Narrow klass shift: 3
Compressed class space size: 1073741824 Address: 0x0000000100000000

Heap:
 PSYoungGen      total 288768K, used 231219K [0x00000000d5580000, 0x00000000e9100000, 0x0000000100000000)
  eden space 263680K, 78% used [0x00000000d5580000,0x00000000e1ed4028,0x00000000e5700000)
  from space 25088K, 99% used [0x00000000e7480000,0x00000000e8cf8ea0,0x00000000e8d00000)
  to   space 29696K, 0% used [0x00000000e5700000,0x00000000e5700000,0x00000000e7400000)
 ParOldGen       total 197632K, used 43229K [0x0000000080000000, 0x000000008c100000, 0x00000000d5580000)
  object space 197632K, 21% used [0x0000000080000000,0x0000000082a37568,0x000000008c100000)
 Metaspace       used 90698K, capacity 94486K, committed 94616K, reserved 1130496K
  class space    used 11943K, capacity 12648K, committed 12720K, reserved 1048576K

Card table byte_map: [0x00000000122c0000,0x00000000126d0000] byte_map_base: 0x0000000011ec0000

Marking Bits: (ParMarkBitMap*) 0x00000000612cf030
 Begin Bits: [0x0000000013180000, 0x0000000015180000)
 End Bits:   [0x0000000015180000, 0x0000000017180000)

Polling page: 0x0000000000e80000

CodeCache: size=245760Kb used=31392Kb max_used=31392Kb free=214367Kb
 bounds [0x0000000002f00000, 0x0000000004dd0000, 0x0000000011f00000]
 total_blobs=10734 nmethods=9831 adapters=815
 compilation: enabled

Compilation events (10 events):
Event: 19.431 Thread 0x0000000019dd9800 11416       3       org.jetbrains.kotlin.kapt3.base.incremental.IncrementalProcessingEnvironment::getTypeUtils (10 bytes)
Event: 19.431 Thread 0x0000000019dd9800 nmethod 11416 0x0000000004dbfe90 code [0x0000000004dc0000, 0x0000000004dc0228]
Event: 19.431 Thread 0x0000000019dd9800 11417       3       com.sun.tools.javac.processing.JavacProcessingEnvironment::getTypeUtils (5 bytes)
Event: 19.431 Thread 0x0000000019dd9800 nmethod 11417 0x0000000004dbfb50 code [0x0000000004dbfca0, 0x0000000004dbfe10]
Event: 19.431 Thread 0x0000000019dd9800 11421       1       com.google.common.collect.LinkedHashMultimap::access$300 (5 bytes)
Event: 19.431 Thread 0x0000000019dd9800 nmethod 11421 0x0000000004dcb710 code [0x0000000004dcb860, 0x0000000004dcb950]
Event: 19.431 Thread 0x0000000019dd9800 11419       1       com.google.common.collect.LinkedHashMultimap$ValueSet::access$100 (5 bytes)
Event: 19.431 Thread 0x0000000019dd9800 nmethod 11419 0x0000000004dcb9d0 code [0x0000000004dcbb20, 0x0000000004dcbc10]
Event: 19.431 Thread 0x0000000019dd9800 11420       1       com.google.common.collect.ImmutableEntry::getValue (5 bytes)
Event: 19.431 Thread 0x0000000019dd9800 nmethod 11420 0x0000000004dcbc90 code [0x0000000004dcbde0, 0x0000000004dcbef0]

GC Heap History (10 events):
Event: 6.285 GC heap before
{Heap before GC invocations=11 (full 2):
 PSYoungGen      total 179712K, used 179524K [0x00000000d5580000, 0x00000000e2d80000, 0x0000000100000000)
  eden space 172032K, 100% used [0x00000000d5580000,0x00000000dfd80000,0x00000000dfd80000)
  from space 7680K, 97% used [0x00000000e2600000,0x00000000e2d51068,0x00000000e2d80000)
  to   space 11776K, 0% used [0x00000000e1680000,0x00000000e1680000,0x00000000e2200000)
 ParOldGen       total 131584K, used 15093K [0x0000000080000000, 0x0000000088080000, 0x00000000d5580000)
  object space 131584K, 11% used [0x0000000080000000,0x0000000080ebd468,0x0000000088080000)
 Metaspace       used 52767K, capacity 54774K, committed 54824K, reserved 1097728K
  class space    used 7012K, capacity 7463K, committed 7472K, reserved 1048576K
Event: 6.305 GC heap after
Heap after GC invocations=11 (full 2):
 PSYoungGen      total 209408K, used 11764K [0x00000000d5580000, 0x00000000e5300000, 0x0000000100000000)
  eden space 197632K, 0% used [0x00000000d5580000,0x00000000d5580000,0x00000000e1680000)
  from space 11776K, 99% used [0x00000000e1680000,0x00000000e21fd300,0x00000000e2200000)
  to   space 18432K, 0% used [0x00000000e4100000,0x00000000e4100000,0x00000000e5300000)
 ParOldGen       total 131584K, used 29324K [0x0000000080000000, 0x0000000088080000, 0x00000000d5580000)
  object space 131584K, 22% used [0x0000000080000000,0x0000000081ca3048,0x0000000088080000)
 Metaspace       used 52767K, capacity 54774K, committed 54824K, reserved 1097728K
  class space    used 7012K, capacity 7463K, committed 7472K, reserved 1048576K
}
Event: 6.762 GC heap before
{Heap before GC invocations=12 (full 2):
 PSYoungGen      total 209408K, used 55216K [0x00000000d5580000, 0x00000000e5300000, 0x0000000100000000)
  eden space 197632K, 21% used [0x00000000d5580000,0x00000000d7feee90,0x00000000e1680000)
  from space 11776K, 99% used [0x00000000e1680000,0x00000000e21fd300,0x00000000e2200000)
  to   space 18432K, 0% used [0x00000000e4100000,0x00000000e4100000,0x00000000e5300000)
 ParOldGen       total 131584K, used 29324K [0x0000000080000000, 0x0000000088080000, 0x00000000d5580000)
  object space 131584K, 22% used [0x0000000080000000,0x0000000081ca3048,0x0000000088080000)
 Metaspace       used 56816K, capacity 59076K, committed 59160K, reserved 1099776K
  class space    used 7687K, capacity 8161K, committed 8240K, reserved 1048576K
Event: 6.774 GC heap after
Heap after GC invocations=12 (full 2):
 PSYoungGen      total 239616K, used 16874K [0x00000000d5580000, 0x00000000e7880000, 0x0000000100000000)
  eden space 221184K, 0% used [0x00000000d5580000,0x00000000d5580000,0x00000000e2d80000)
  from space 18432K, 91% used [0x00000000e4100000,0x00000000e517ab68,0x00000000e5300000)
  to   space 19968K, 0% used [0x00000000e2d80000,0x00000000e2d80000,0x00000000e4100000)
 ParOldGen       total 131584K, used 29332K [0x0000000080000000, 0x0000000088080000, 0x00000000d5580000)
  object space 131584K, 22% used [0x0000000080000000,0x0000000081ca5048,0x0000000088080000)
 Metaspace       used 56816K, capacity 59076K, committed 59160K, reserved 1099776K
  class space    used 7687K, capacity 8161K, committed 8240K, reserved 1048576K
}
Event: 6.774 GC heap before
{Heap before GC invocations=13 (full 3):
 PSYoungGen      total 239616K, used 16874K [0x00000000d5580000, 0x00000000e7880000, 0x0000000100000000)
  eden space 221184K, 0% used [0x00000000d5580000,0x00000000d5580000,0x00000000e2d80000)
  from space 18432K, 91% used [0x00000000e4100000,0x00000000e517ab68,0x00000000e5300000)
  to   space 19968K, 0% used [0x00000000e2d80000,0x00000000e2d80000,0x00000000e4100000)
 ParOldGen       total 131584K, used 29332K [0x0000000080000000, 0x0000000088080000, 0x00000000d5580000)
  object space 131584K, 22% used [0x0000000080000000,0x0000000081ca5048,0x0000000088080000)
 Metaspace       used 56816K, capacity 59076K, committed 59160K, reserved 1099776K
  class space    used 7687K, capacity 8161K, committed 8240K, reserved 1048576K
Event: 6.932 GC heap after
Heap after GC invocations=13 (full 3):
 PSYoungGen      total 239616K, used 0K [0x00000000d5580000, 0x00000000e7880000, 0x0000000100000000)
  eden space 221184K, 0% used [0x00000000d5580000,0x00000000d5580000,0x00000000e2d80000)
  from space 18432K, 0% used [0x00000000e4100000,0x00000000e4100000,0x00000000e5300000)
  to   space 19968K, 0% used [0x00000000e2d80000,0x00000000e2d80000,0x00000000e4100000)
 ParOldGen       total 197632K, used 33100K [0x0000000080000000, 0x000000008c100000, 0x00000000d5580000)
  object space 197632K, 16% used [0x0000000080000000,0x00000000820532e0,0x000000008c100000)
 Metaspace       used 56775K, capacity 58938K, committed 59160K, reserved 1099776K
  class space    used 7675K, capacity 8138K, committed 8240K, reserved 1048576K
}
Event: 8.646 GC heap before
{Heap before GC invocations=14 (full 3):
 PSYoungGen      total 239616K, used 221184K [0x00000000d5580000, 0x00000000e7880000, 0x0000000100000000)
  eden space 221184K, 100% used [0x00000000d5580000,0x00000000e2d80000,0x00000000e2d80000)
  from space 18432K, 0% used [0x00000000e4100000,0x00000000e4100000,0x00000000e5300000)
  to   space 19968K, 0% used [0x00000000e2d80000,0x00000000e2d80000,0x00000000e4100000)
 ParOldGen       total 197632K, used 33100K [0x0000000080000000, 0x000000008c100000, 0x00000000d5580000)
  object space 197632K, 16% used [0x0000000080000000,0x00000000820532e0,0x000000008c100000)
 Metaspace       used 67394K, capacity 70686K, committed 70936K, reserved 1110016K
  class space    used 9279K, capacity 9914K, committed 10032K, reserved 1048576K
Event: 8.662 GC heap after
Heap after GC invocations=14 (full 3):
 PSYoungGen      total 241152K, used 19947K [0x00000000d5580000, 0x00000000e8d00000, 0x0000000100000000)
  eden space 221184K, 0% used [0x00000000d5580000,0x00000000d5580000,0x00000000e2d80000)
  from space 19968K, 99% used [0x00000000e2d80000,0x00000000e40faf80,0x00000000e4100000)
  to   space 25088K, 0% used [0x00000000e7480000,0x00000000e7480000,0x00000000e8d00000)
 ParOldGen       total 197632K, used 39450K [0x0000000080000000, 0x000000008c100000, 0x00000000d5580000)
  object space 197632K, 19% used [0x0000000080000000,0x0000000082686838,0x000000008c100000)
 Metaspace       used 67394K, capacity 70686K, committed 70936K, reserved 1110016K
  class space    used 9279K, capacity 9914K, committed 10032K, reserved 1048576K
}
Event: 11.195 GC heap before
{Heap before GC invocations=15 (full 3):
 PSYoungGen      total 241152K, used 241131K [0x00000000d5580000, 0x00000000e8d00000, 0x0000000100000000)
  eden space 221184K, 100% used [0x00000000d5580000,0x00000000e2d80000,0x00000000e2d80000)
  from space 19968K, 99% used [0x00000000e2d80000,0x00000000e40faf80,0x00000000e4100000)
  to   space 25088K, 0% used [0x00000000e7480000,0x00000000e7480000,0x00000000e8d00000)
 ParOldGen       total 197632K, used 39450K [0x0000000080000000, 0x000000008c100000, 0x00000000d5580000)
  object space 197632K, 19% used [0x0000000080000000,0x0000000082686838,0x000000008c100000)
 Metaspace       used 73072K, capacity 76590K, committed 76696K, reserved 1116160K
  class space    used 9925K, capacity 10576K, committed 10672K, reserved 1048576K
Event: 11.213 GC heap after
Heap after GC invocations=15 (full 3):
 PSYoungGen      total 288768K, used 25059K [0x00000000d5580000, 0x00000000e9100000, 0x0000000100000000)
  eden space 263680K, 0% used [0x00000000d5580000,0x00000000d5580000,0x00000000e5700000)
  from space 25088K, 99% used [0x00000000e7480000,0x00000000e8cf8ea0,0x00000000e8d00000)
  to   space 29696K, 0% used [0x00000000e5700000,0x00000000e5700000,0x00000000e7400000)
 ParOldGen       total 197632K, used 43229K [0x0000000080000000, 0x000000008c100000, 0x00000000d5580000)
  object space 197632K, 21% used [0x0000000080000000,0x0000000082a37568,0x000000008c100000)
 Metaspace       used 73072K, capacity 76590K, committed 76696K, reserved 1116160K
  class space    used 9925K, capacity 10576K, committed 10672K, reserved 1048576K
}

Deoptimization events (10 events):
Event: 18.594 Thread 0x0000000020cc7000 Uncommon trap: reason=unstable_if action=reinterpret pc=0x0000000004c31eb0 method=com.sun.tools.javac.jvm.ClassReader.classSigToType()Lcom/sun/tools/javac/code/Type; @ 148
Event: 18.700 Thread 0x0000000020cc7000 Uncommon trap: reason=unstable_if action=reinterpret pc=0x000000000384ef44 method=java.util.concurrent.ConcurrentHashMap.get(Ljava/lang/Object;)Ljava/lang/Object; @ 76
Event: 19.097 Thread 0x0000000020cc7000 Uncommon trap: reason=unloaded action=reinterpret pc=0x0000000004c83dcc method=com.sun.tools.javac.jvm.ClassReader.readPool(I)Ljava/lang/Object; @ 436
Event: 19.118 Thread 0x0000000020cc7000 Uncommon trap: reason=unstable_if action=reinterpret pc=0x0000000003cbac28 method=java.util.regex.Pattern.newSlice([IIZ)Ljava/util/regex/Pattern$Node; @ 10
Event: 19.118 Thread 0x0000000020cc7000 Uncommon trap: reason=unstable_if action=reinterpret pc=0x0000000003cb0694 method=java.util.regex.Pattern.newSlice([IIZ)Ljava/util/regex/Pattern$Node; @ 10
Event: 19.186 Thread 0x0000000020cc7000 Uncommon trap: reason=unstable_if action=reinterpret pc=0x0000000004d537fc method=org.sqlite.SQLiteJDBCLoader.contentsEquals(Ljava/io/InputStream;Ljava/io/InputStream;)Z @ 39
Event: 19.200 Thread 0x0000000020cc7000 Uncommon trap: reason=unstable_if action=reinterpret pc=0x00000000031a03c8 method=java.lang.AbstractStringBuilder.append(Ljava/lang/String;)Ljava/lang/AbstractStringBuilder; @ 1
Event: 19.225 Thread 0x0000000020cc7000 Uncommon trap: reason=unstable_if action=reinterpret pc=0x0000000003cb94b8 method=java.util.regex.Pattern.closure(Ljava/util/regex/Pattern$Node;)Ljava/util/regex/Pattern$Node; @ 207
Event: 19.226 Thread 0x0000000020cc7000 Uncommon trap: reason=unstable_if action=reinterpret pc=0x0000000004078704 method=java.util.regex.Pattern$Curly.match(Ljava/util/regex/Matcher;ILjava/lang/CharSequence;)Z @ 45
Event: 19.344 Thread 0x0000000020cc7000 Uncommon trap: reason=unstable_if action=reinterpret pc=0x0000000004d736c8 method=org.antlr.v4.runtime.atn.ATNState.addTransition(ILorg/antlr/v4/runtime/atn/Transition;)V @ 115

Classes redefined (0 events):
No events

Internal exceptions (10 events):
Event: 12.647 Thread 0x000000001f70b000 Exception <a 'java/lang/NoSuchMethodError': <clinit>> (0x00000000daaef0b8) thrown at [C:\src\AOSP-openjdk-git\hotspot\src\share\vm\prims\jni.cpp, line 1615]
Event: 12.650 Thread 0x000000001f70b000 Exception <a 'java/lang/NoSuchMethodError': <clinit>> (0x00000000dab15090) thrown at [C:\src\AOSP-openjdk-git\hotspot\src\share\vm\prims\jni.cpp, line 1615]
Event: 12.661 Thread 0x000000001f70b000 Exception <a 'java/lang/NoSuchMethodError': <clinit>> (0x00000000dacb61e8) thrown at [C:\src\AOSP-openjdk-git\hotspot\src\share\vm\prims\jni.cpp, line 1615]
Event: 12.663 Thread 0x000000001f70b000 Exception <a 'java/lang/NoSuchMethodError': <clinit>> (0x00000000dad66c78) thrown at [C:\src\AOSP-openjdk-git\hotspot\src\share\vm\prims\jni.cpp, line 1615]
Event: 17.662 Thread 0x000000001f70b000 Exception <a 'java/lang/NoSuchMethodError': <clinit>> (0x00000000dbd2c498) thrown at [C:\src\AOSP-openjdk-git\hotspot\src\share\vm\prims\jni.cpp, line 1615]
Event: 17.814 Thread 0x000000001f70b000 Exception <a 'java/lang/NoSuchMethodError': <clinit>> (0x00000000dcd6a370) thrown at [C:\src\AOSP-openjdk-git\hotspot\src\share\vm\prims\jni.cpp, line 1615]
Event: 17.886 Thread 0x0000000020cc7000 Exception <a 'java/lang/NoSuchMethodError': <clinit>> (0x00000000dd1e79c8) thrown at [C:\src\AOSP-openjdk-git\hotspot\src\share\vm\prims\jni.cpp, line 1615]
Event: 17.890 Thread 0x0000000020cc7000 Exception <a 'java/lang/NoSuchMethodError': <clinit>> (0x00000000dd20fa20) thrown at [C:\src\AOSP-openjdk-git\hotspot\src\share\vm\prims\jni.cpp, line 1615]
Event: 18.472 Thread 0x0000000020cc7000 Implicit null exception at 0x00000000045e26f2 to 0x00000000045e2ed5
Event: 19.200 Thread 0x0000000020cc7000 Implicit null exception at 0x00000000031a0016 to 0x00000000031a03b1

Events (10 events):
Event: 19.431 loading class androidx/room/solver/query/result/PojoRowAdapter
Event: 19.431 loading class androidx/room/solver/query/result/PojoRowAdapter done
Event: 19.432 loading class androidx/room/solver/query/result/RowAdapter
Event: 19.432 loading class androidx/room/solver/query/result/RowAdapter done
Event: 19.433 loading class androidx/room/solver/query/result/PojoRowAdapter$Mapping
Event: 19.433 loading class androidx/room/solver/query/result/PojoRowAdapter$Mapping done
Event: 19.434 loading class androidx/room/vo/RelationCollector
Event: 19.434 loading class androidx/room/vo/RelationCollector done
Event: 19.435 loading class androidx/room/vo/RelationCollector$Companion
Event: 19.435 loading class androidx/room/vo/RelationCollector$Companion done


Dynamic libraries:
0x00007ff6cbd50000 - 0x00007ff6cbd81000 	C:\Program Files\Android\Android Studio\jre\bin\java.exe
0x00007ffb143b0000 - 0x00007ffb145a6000 	C:\WINDOWS\SYSTEM32\ntdll.dll
0x00007ffb125b0000 - 0x00007ffb1266d000 	C:\WINDOWS\System32\KERNEL32.DLL
0x00007ffb11de0000 - 0x00007ffb120a9000 	C:\WINDOWS\System32\KERNELBASE.dll
0x00007ffb142b0000 - 0x00007ffb1435c000 	C:\WINDOWS\System32\ADVAPI32.dll
0x00007ffb13670000 - 0x00007ffb1370e000 	C:\WINDOWS\System32\msvcrt.dll
0x00007ffb12670000 - 0x00007ffb1270c000 	C:\WINDOWS\System32\sechost.dll
0x00007ffb127e0000 - 0x00007ffb1290b000 	C:\WINDOWS\System32\RPCRT4.dll
0x00007ffb12410000 - 0x00007ffb125b0000 	C:\WINDOWS\System32\USER32.dll
0x00007ffb12300000 - 0x00007ffb12322000 	C:\WINDOWS\System32\win32u.dll
0x00007ffb13260000 - 0x00007ffb1328a000 	C:\WINDOWS\System32\GDI32.dll
0x00007ffb11af0000 - 0x00007ffb11bf9000 	C:\WINDOWS\System32\gdi32full.dll
0x00007ffb12100000 - 0x00007ffb1219d000 	C:\WINDOWS\System32\msvcp_win.dll
0x00007ffb11c00000 - 0x00007ffb11d00000 	C:\WINDOWS\System32\ucrtbase.dll
0x00007ffafc670000 - 0x00007ffafc90b000 	C:\WINDOWS\WinSxS\amd64_microsoft.windows.common-controls_6595b64144ccf1df_6.0.19041.488_none_ca04af081b815d21\COMCTL32.dll
0x00007ffb132f0000 - 0x00007ffb13320000 	C:\WINDOWS\System32\IMM32.DLL
0x000000005fe40000 - 0x000000005ff12000 	C:\Program Files\Android\Android Studio\jre\jre\bin\msvcr100.dll
0x0000000060b00000 - 0x000000006134b000 	C:\Program Files\Android\Android Studio\jre\jre\bin\server\jvm.dll
0x00007ffb14360000 - 0x00007ffb14368000 	C:\WINDOWS\System32\PSAPI.DLL
0x00007ffb04550000 - 0x00007ffb04577000 	C:\WINDOWS\SYSTEM32\WINMM.dll
0x00007ffb0b450000 - 0x00007ffb0b45a000 	C:\WINDOWS\SYSTEM32\VERSION.dll
0x00007ffb0f320000 - 0x00007ffb0f329000 	C:\WINDOWS\SYSTEM32\WSOCK32.dll
0x00007ffb13320000 - 0x00007ffb1338b000 	C:\WINDOWS\System32\WS2_32.dll
0x00007ffb09410000 - 0x00007ffb0941f000 	C:\Program Files\Android\Android Studio\jre\jre\bin\verify.dll
0x00007ffaff240000 - 0x00007ffaff269000 	C:\Program Files\Android\Android Studio\jre\jre\bin\java.dll
0x00007ffaff6b0000 - 0x00007ffaff6c6000 	C:\Program Files\Android\Android Studio\jre\jre\bin\zip.dll
0x00007ffb129f0000 - 0x00007ffb13132000 	C:\WINDOWS\System32\SHELL32.dll
0x00007ffb0fbe0000 - 0x00007ffb10375000 	C:\WINDOWS\SYSTEM32\windows.storage.dll
0x00007ffb13f50000 - 0x00007ffb142a6000 	C:\WINDOWS\System32\combase.dll
0x00007ffb11490000 - 0x00007ffb114bc000 	C:\WINDOWS\SYSTEM32\Wldp.dll
0x00007ffb13a30000 - 0x00007ffb13ade000 	C:\WINDOWS\System32\SHCORE.dll
0x00007ffb13940000 - 0x00007ffb13995000 	C:\WINDOWS\System32\shlwapi.dll
0x00007ffb11a20000 - 0x00007ffb11a46000 	C:\WINDOWS\SYSTEM32\profapi.dll
0x00007ffafbd90000 - 0x00007ffafbdaa000 	C:\Program Files\Android\Android Studio\jre\jre\bin\net.dll
0x00007ffb11280000 - 0x00007ffb112ea000 	C:\WINDOWS\system32\mswsock.dll
0x00007ffaf68e0000 - 0x00007ffaf68f3000 	C:\Program Files\Android\Android Studio\jre\jre\bin\nio.dll
0x00007ffafed90000 - 0x00007ffafedb7000 	C:\Users\OrY\.gradle\native\f6784746aeab05261644944871eae4fe03e0ef1612fff0a4a95f87b438bc6780\windows-amd64\native-platform.dll
0x00007ffb01b60000 - 0x00007ffb01b6d000 	C:\Program Files\Android\Android Studio\jre\jre\bin\management.dll
0x00007ffb114d0000 - 0x00007ffb114e8000 	C:\WINDOWS\SYSTEM32\CRYPTSP.dll
0x00007ffb10bc0000 - 0x00007ffb10bf4000 	C:\WINDOWS\system32\rsaenh.dll
0x00007ffb11d00000 - 0x00007ffb11d27000 	C:\WINDOWS\System32\bcrypt.dll
0x00007ffb119a0000 - 0x00007ffb119ce000 	C:\WINDOWS\SYSTEM32\USERENV.dll
0x00007ffb12330000 - 0x00007ffb123b0000 	C:\WINDOWS\System32\bcryptprimitives.dll
0x00007ffb11400000 - 0x00007ffb1140c000 	C:\WINDOWS\SYSTEM32\CRYPTBASE.dll
0x00007ffb10f40000 - 0x00007ffb10f7b000 	C:\WINDOWS\SYSTEM32\IPHLPAPI.DLL
0x00007ffb13780000 - 0x00007ffb13788000 	C:\WINDOWS\System32\NSI.dll
0x00007ffb0b780000 - 0x00007ffb0b797000 	C:\WINDOWS\SYSTEM32\dhcpcsvc6.DLL
0x00007ffb0b760000 - 0x00007ffb0b77d000 	C:\WINDOWS\SYSTEM32\dhcpcsvc.DLL
0x00007ffb10f80000 - 0x00007ffb1104b000 	C:\WINDOWS\SYSTEM32\DNSAPI.dll
0x00007ffb0b960000 - 0x00007ffb0b96b000 	C:\WINDOWS\SYSTEM32\WINNSI.DLL
0x00007ffafbdc0000 - 0x00007ffafbdde000 	C:\Users\OrY\AppData\Local\Temp\native-platform5941228693592611545dir\native-platform.dll
0x0000000066e00000 - 0x0000000066f03000 	C:\Users\OrY\AppData\Local\Temp\sqlite-3.25.2-bc7aba3f-730c-4b56-8753-6d0a6191082b-sqlitejdbc.dll

VM Arguments:
jvm_args: -Xmx2048m -Dfile.encoding=UTF-8 -Duser.country=US -Duser.language=en -Duser.variant 
java_command: org.gradle.launcher.daemon.bootstrap.GradleDaemon 6.5
java_class_path (initial): C:\Users\OrY\.gradle\wrapper\dists\gradle-6.5-bin\6nifqtx7604sqp1q6g8wikw7p\gradle-6.5\lib\gradle-launcher-6.5.jar
Launcher Type: SUN_STANDARD

Environment Variables:
PATH=C:\Program Files\Python38\Scripts\;C:\Program Files\Python38\;C:\Program Files (x86)\Common Files\Oracle\Java\javapath;C:\Program Files\Microsoft MPI\Bin\;C:\Program Files (x86)\Intel\iCLS Client\;C:\Program Files\Intel\iCLS Client\;C:\ProgramData\Oracle\Java\javapath;C:\Windows\system32;C:\Windows;C:\Windows\System32\Wbem;C:\Windows\System32\WindowsPowerShell\v1.0\;C:\Program Files (x86)\Intel\Intel(R) Management Engine Components\DAL;C:\Program Files\Intel\Intel(R) Management Engine Components\DAL;C:\Program Files (x86)\Intel\Intel(R) Management Engine Components\IPT;C:\Program Files\Intel\Intel(R) Management Engine Components\IPT;C:\WINDOWS\system32;C:\WINDOWS;C:\WINDOWS\System32\Wbem;C:\WINDOWS\System32\WindowsPowerShell\v1.0\;C:\Program Files\dotnet\;C:\WINDOWS\System32\OpenSSH\;C:\Program Files (x86)\GtkSharp\2.12\bin;C:\Program Files\NVIDIA Corporation\NVIDIA NvDLISR;C:\Program Files (x86)\NVIDIA Corporation\PhysX\Common;C:\Program Files\Git\cmd;C:\Program Files\Microsoft VS Code\bin;C:\WINDOWS\system32;C:\WINDOWS;C:\WINDOWS\System32\Wbem;C:\WINDOWS\System32\WindowsPowerShell\v1.0\;C:\WINDOWS\System32\OpenSSH\;C:\Program Files (x86)\Touch Portal\plugins\adb\platform-tools;C:\Users\OrY\AppData\Local\Microsoft\WindowsApps;D:\Program Files\cURL\bin;C:\Users\OrY\AppData\Local\atom\bin;C:\Users\OrY\AppData\Local\Microsoft\WindowsApps;C:\Program Files\Microsoft VS Code\bin;C:\Program Files (x86)\WinSCP;C:\Program Files\Python38\;C:\Users\OrY\AppData\Roaming\Python\Python38\Scripts;
USERNAME=OrY
OS=Windows_NT
PROCESSOR_IDENTIFIER=Intel64 Family 6 Model 60 Stepping 3, GenuineIntel



---------------  S Y S T E M  ---------------

OS: Windows 10.0 , 64 bit Build 19041 (10.0.19041.662)

CPU:total 8 (initial active 8) (4 cores per cpu, 2 threads per core) family 6 model 60 stepping 3, cmov, cx8, fxsr, mmx, sse, sse2, sse3, ssse3, sse4.1, sse4.2, popcnt, avx, avx2, aes, clmul, erms, lzcnt, ht, tsc, tscinvbit, bmi1, bmi2

Memory: 4k page, physical 16721368k(5083468k free), swap 47841692k(5128k free)

vm_info: OpenJDK 64-Bit Server VM (25.242-b01) for windows-amd64 JRE (1.8.0_242-release-1644-b01), built by "builder" with MS VC++ 10.0 (VS2010)

time: Tue Dec 29 13:07:24 2020
timezone: Jerusalem Standard Time
elapsed time: 19 seconds (0d 0h 0m 19s)

